#
# There is insufficient memory for the Java Runtime Environment to continue.
# Native memory allocation (mmap) failed to map 264241152 bytes. Error detail: G1 virtual space
# Possible reasons:
#   The system is out of physical RAM or swap space
#   This process is running with CompressedOops enabled, and the Java Heap may be blocking the growth of the native heap
# Possible solutions:
#   Reduce memory load on the system
#   Increase physical memory or swap space
#   Check if swap backing store is full
#   Decrease Java heap size (-Xmx/-Xms)
#   Decrease number of Java threads
#   Decrease Java thread stack sizes (-Xss)
#   Set larger code cache with -XX:ReservedCodeCacheSize=
#   JVM is running with Zero Based Compressed Oops mode in which the Java heap is
#     placed in the first 32GB address space. The Java Heap base address is the
#     maximum limit for the native heap growth. Please use -XX:HeapBaseMinAddress
#     to set the Java Heap base and to place the Java Heap above 32GB virtual address.
# This output file may be truncated or incomplete.
#
#  Out of Memory Error (os_windows.cpp:3631), pid=30300, tid=39972
#
# JRE version:  (22.0.1+8) (build )
# Java VM: Java HotSpot(TM) 64-Bit Server VM (22.0.1+8-16, mixed mode, sharing, tiered, compressed oops, compressed class ptrs, g1 gc, windows-amd64)
# No core dump will be written. Minidumps are not enabled by default on client versions of Windows
#

---------------  S U M M A R Y ------------

Command Line: -Dclassworlds.conf=C:\Program Files\JetBrains\IntelliJ IDEA Community Edition 2023.3.3\plugins\maven\lib\maven3\bin\m2.conf -Dmaven.home=C:\Program Files\JetBrains\IntelliJ IDEA Community Edition 2023.3.3\plugins\maven\lib\maven3 -Dlibrary.jansi.path=C:\Program Files\JetBrains\IntelliJ IDEA Community Edition 2023.3.3\plugins\maven\lib\maven3\lib\jansi-native -Dmaven.multiModuleProjectDirectory=C:\Users\bochk\Downloads\photoprintapplication\photoprintapplication org.codehaus.plexus.classworlds.launcher.Launcher clean compile

Host: 13th Gen Intel(R) Core(TM) i5-13500H, 16 cores, 15G,  Windows 11 , 64 bit Build 22621 (10.0.22621.5415)
Time: Tue Nov 18 21:26:58 2025 RTZ 2 (s 11 , 64 bit Build 22621 (10.0.22621.5415) elapsed time: 0.014378 seconds (0d 0h 0m 0s)

---------------  T H R E A D  ---------------

Current thread (0x000001f6588e90e0):  JavaThread "Unknown thread" [_thread_in_vm, id=39972, stack(0x00000038bc800000,0x00000038bc900000) (1024K)]

Stack: [0x00000038bc800000,0x00000038bc900000]
Native frames: (J=compiled Java code, j=interpreted, Vv=VM code, C=native code)
V  [jvm.dll+0x6e2279]  (no source info available)
V  [jvm.dll+0x874e33]  (no source info available)
V  [jvm.dll+0x87725e]  (no source info available)
V  [jvm.dll+0x877933]  (no source info available)
V  [jvm.dll+0x27fd76]  (no source info available)
V  [jvm.dll+0x6de915]  (no source info available)
V  [jvm.dll+0x6d341a]  (no source info available)
V  [jvm.dll+0x3589da]  (no source info available)
V  [jvm.dll+0x360f06]  (no source info available)
V  [jvm.dll+0x3b3e2e]  (no source info available)
V  [jvm.dll+0x3b40d8]  (no source info available)
V  [jvm.dll+0x32c59c]  (no source info available)
V  [jvm.dll+0x32d158]  (no source info available)
V  [jvm.dll+0x83ccdc]  (no source info available)
V  [jvm.dll+0x3c0d71]  (no source info available)
V  [jvm.dll+0x825ccc]  (no source info available)
V  [jvm.dll+0x45b8fe]  (no source info available)
V  [jvm.dll+0x45d781]  (no source info available)
C  [jli.dll+0x52a3]  (no source info available)
C  [ucrtbase.dll+0x29333]  (no source info available)
C  [KERNEL32.DLL+0x1259d]  (no source info available)
C  [ntdll.dll+0x5af78]  (no source info available)


---------------  P R O C E S S  ---------------

Threads class SMR info:
_java_thread_list=0x00007ffa38f6b1c8, length=0, elements={
}

Java Threads: ( => current thread )
Total: 0

Other Threads:
  0x000001f658950ce0 WorkerThread "GC Thread#0"                     [id=36080, stack(0x00000038bc900000,0x00000038bca00000) (1024K)]
  0x000001f6589628e0 ConcurrentGCThread "G1 Main Marker"            [id=16908, stack(0x00000038bca00000,0x00000038bcb00000) (1024K)]
  0x000001f6589635a0 WorkerThread "G1 Conc#0"                       [id=31840, stack(0x00000038bcb00000,0x00000038bcc00000) (1024K)]

[error occurred during error reporting (printing all threads), id 0xc0000005, EXCEPTION_ACCESS_VIOLATION (0xc0000005) at pc=0x00007ffa386bf367]
VM state: not at safepoint (not fully initialized)

VM Mutex/Monitor currently owned by a thread:  ([mutex/lock_event])
[0x00007ffa38febcb8] Heap_lock - owner thread: 0x000001f6588e90e0

Heap address: 0x0000000704000000, size: 4032 MB, Compressed Oops mode: Zero based, Oop shift amount: 3

CDS archive(s) mapped at: [0x0000000000000000-0x0000000000000000-0x0000000000000000), size 0, SharedBaseAddress: 0x0000000800000000, ArchiveRelocationMode: 1.
Narrow klass base: 0x0000000000000000, Narrow klass shift: 0, Narrow klass range: 0x0

GC Precious Log:
 CardTable entry size: 512
 Card Set container configuration: InlinePtr #cards 4 size 8 Array Of Cards #cards 16 size 48 Howl #buckets 8 coarsen threshold 3686 Howl Bitmap #cards 512 size 80 coarsen threshold 460 Card regions per heap region 1 cards per card region 4096

Heap:
 garbage-first heap   total reserved 4128768K, committed 0K, used 0K [0x0000000704000000, 0x0000000800000000)
  region size 2048K, 0 young (0K), 0 survivors (0K)

[error occurred during error reporting (printing heap information), id 0xc0000005, EXCEPTION_ACCESS_VIOLATION (0xc0000005) at pc=0x00007ffa38abe429]
GC Heap History (0 events):
No events

Dll operation events (1 events):
Event: 0.006 Loaded shared library C:\Program Files\Java\jdk-22\bin\java.dll

Deoptimization events (0 events):
No events

Classes loaded (0 events):
No events

Classes unloaded (0 events):
No events

Classes redefined (0 events):
No events

Internal exceptions (0 events):
No events

ZGC Phase Switch (0 events):
No events

VM Operations (0 events):
No events

Events (0 events):
No events


Dynamic libraries:
0x00007ff7cc830000 - 0x00007ff7cc840000 	C:\Program Files\Java\jdk-22\bin\java.exe
0x00007ffb2ac90000 - 0x00007ffb2aea8000 	C:\Windows\SYSTEM32\ntdll.dll
0x00007ffb29bf0000 - 0x00007ffb29cb4000 	C:\Windows\System32\KERNEL32.DLL
0x00007ffb27dc0000 - 0x00007ffb28193000 	C:\Windows\System32\KERNELBASE.dll
0x00007ffb28720000 - 0x00007ffb28831000 	C:\Windows\System32\ucrtbase.dll
0x00007ffb0b4e0000 - 0x00007ffb0b4f7000 	C:\Program Files\Java\jdk-22\bin\jli.dll
0x00007ffb2a240000 - 0x00007ffb2a2f1000 	C:\Windows\System32\ADVAPI32.dll
0x00007ffb29e20000 - 0x00007ffb29ec7000 	C:\Windows\System32\msvcrt.dll
0x00007ffb08c30000 - 0x00007ffb08c4b000 	C:\Program Files\Java\jdk-22\bin\VCRUNTIME140.dll
0x00007ffb29ed0000 - 0x00007ffb29f78000 	C:\Windows\System32\sechost.dll
0x00007ffb27d90000 - 0x00007ffb27db8000 	C:\Windows\System32\bcrypt.dll
0x00007ffb2a100000 - 0x00007ffb2a218000 	C:\Windows\System32\RPCRT4.dll
0x00007ffb28ce0000 - 0x00007ffb28e92000 	C:\Windows\System32\USER32.dll
0x00007ffb28840000 - 0x00007ffb28866000 	C:\Windows\System32\win32u.dll
0x00007ffb29bc0000 - 0x00007ffb29be9000 	C:\Windows\System32\GDI32.dll
0x00007ffb19f50000 - 0x00007ffb1a1ec000 	C:\Windows\WinSxS\amd64_microsoft.windows.common-controls_6595b64144ccf1df_6.0.22621.6060_none_2712eda17382d24b\COMCTL32.dll
0x00007ffb28550000 - 0x00007ffb28673000 	C:\Windows\System32\gdi32full.dll
0x00007ffb28680000 - 0x00007ffb2871a000 	C:\Windows\System32\msvcp_win.dll
0x00007ffb1e850000 - 0x00007ffb1e85a000 	C:\Windows\SYSTEM32\VERSION.dll
0x00007ffb28930000 - 0x00007ffb28961000 	C:\Windows\System32\IMM32.DLL
0x00007ffb1f0c0000 - 0x00007ffb1f0cc000 	C:\Program Files\Java\jdk-22\bin\vcruntime140_1.dll
0x00007ffad63f0000 - 0x00007ffad647e000 	C:\Program Files\Java\jdk-22\bin\msvcp140.dll
0x00007ffa38380000 - 0x00007ffa390c7000 	C:\Program Files\Java\jdk-22\bin\server\jvm.dll
0x00007ffb2abc0000 - 0x00007ffb2ac31000 	C:\Windows\System32\WS2_32.dll
0x00007ffb26bc0000 - 0x00007ffb26c0d000 	C:\Windows\SYSTEM32\POWRPROF.dll
0x00007ffb253b0000 - 0x00007ffb253e4000 	C:\Windows\SYSTEM32\WINMM.dll
0x00007ffb26ba0000 - 0x00007ffb26bb3000 	C:\Windows\SYSTEM32\UMPDC.dll
0x00007ffb26e50000 - 0x00007ffb26e68000 	C:\Windows\SYSTEM32\kernel.appcore.dll
0x00007ffb08c20000 - 0x00007ffb08c2a000 	C:\Program Files\Java\jdk-22\bin\jimage.dll
0x00007ffb25a20000 - 0x00007ffb25c53000 	C:\Windows\SYSTEM32\DBGHELP.DLL
0x00007ffb2a820000 - 0x00007ffb2abb2000 	C:\Windows\System32\combase.dll
0x00007ffb28af0000 - 0x00007ffb28bc8000 	C:\Windows\System32\OLEAUT32.dll
0x00007ffb1e7f0000 - 0x00007ffb1e822000 	C:\Windows\SYSTEM32\dbgcore.DLL
0x00007ffb28450000 - 0x00007ffb284cb000 	C:\Windows\System32\bcryptPrimitives.dll
0x00007ffaf4700000 - 0x00007ffaf471e000 	C:\Program Files\Java\jdk-22\bin\java.dll
0x00007ffb28ea0000 - 0x00007ffb2973e000 	C:\Windows\System32\SHELL32.dll
0x00007ffb28310000 - 0x00007ffb2844f000 	C:\Windows\System32\wintypes.dll
0x00007ffb2a310000 - 0x00007ffb2a4b0000 	C:\Windows\System32\ole32.dll

dbghelp: loaded successfully - version: 4.0.5 - missing functions: none
symbol engine: initialized successfully - sym options: 0x614 - pdb path: .;C:\Program Files\Java\jdk-22\bin;C:\Windows\SYSTEM32;C:\Windows\WinSxS\amd64_microsoft.windows.common-controls_6595b64144ccf1df_6.0.22621.6060_none_2712eda17382d24b;C:\Program Files\Java\jdk-22\bin\server

VM Arguments:
jvm_args: -Dclassworlds.conf=C:\Program Files\JetBrains\IntelliJ IDEA Community Edition 2023.3.3\plugins\maven\lib\maven3\bin\m2.conf -Dmaven.home=C:\Program Files\JetBrains\IntelliJ IDEA Community Edition 2023.3.3\plugins\maven\lib\maven3 -Dlibrary.jansi.path=C:\Program Files\JetBrains\IntelliJ IDEA Community Edition 2023.3.3\plugins\maven\lib\maven3\lib\jansi-native -Dmaven.multiModuleProjectDirectory=C:\Users\bochk\Downloads\photoprintapplication\photoprintapplication 
java_command: org.codehaus.plexus.classworlds.launcher.Launcher clean compile
java_class_path (initial): C:\Program Files\JetBrains\IntelliJ IDEA Community Edition 2023.3.3\plugins\maven\lib\maven3\boot\plexus-classworlds-2.7.0.jar
Launcher Type: SUN_STANDARD

[Global flags]
     intx CICompilerCount                          = 12                                        {product} {ergonomic}
     uint ConcGCThreads                            = 3                                         {product} {ergonomic}
     uint G1ConcRefinementThreads                  = 13                                        {product} {ergonomic}
   size_t G1HeapRegionSize                         = 2097152                                   {product} {ergonomic}
   size_t InitialHeapSize                          = 264241152                                 {product} {ergonomic}
   size_t MarkStackSize                            = 4194304                                   {product} {ergonomic}
   size_t MaxHeapSize                              = 4227858432                                {product} {ergonomic}
   size_t MinHeapDeltaBytes                        = 2097152                                   {product} {ergonomic}
   size_t MinHeapSize                              = 8388608                                   {product} {ergonomic}
    uintx NonNMethodCodeHeapSize                   = 7602480                                {pd product} {ergonomic}
    uintx NonProfiledCodeHeapSize                  = 122027880                              {pd product} {ergonomic}
    uintx ProfiledCodeHeapSize                     = 122027880                              {pd product} {ergonomic}
    uintx ReservedCodeCacheSize                    = 251658240                              {pd product} {ergonomic}
     bool SegmentedCodeCache                       = true                                      {product} {ergonomic}
   size_t SoftMaxHeapSize                          = 4227858432                             {manageable} {ergonomic}
     bool UseCompressedOops                        = true                           {product lp64_product} {ergonomic}
     bool UseG1GC                                  = true                                      {product} {ergonomic}
     bool UseLargePagesIndividualAllocation        = false                                  {pd product} {ergonomic}

Logging:
Log output configuration:
 #0: stdout all=warning uptime,level,tags foldmultilines=false
 #1: stderr all=off uptime,level,tags foldmultilines=false

Environment Variables:
PATH=C:\Program Files\Common Files\Oracle\Java\javapath;C:\Windows\system32;C:\Windows;C:\Windows\System32\Wbem;C:\Windows\System32\WindowsPowerShell\v1.0\;C:\Windows\System32\OpenSSH\;C:\Program Files\dotnet\;C:\Program Files (x86)\Windows Kits\10\Windows Performance Toolkit\;C:\Program Files\Microsoft SQL Server\150\Tools\Binn\;C:\Program Files\Git\cmd;C:\Program Files\Common Files\Oracle\Java\javapath;C:\Windows\system32;C:\Windows;C:\Windows\System32\Wbem;C:\Windows\System32\WindowsPowerShell\v1.0\;C:\Windows\System32\OpenSSH\;C:\Program Files\dotnet\;C:\Program Files (x86)\Windows Kits\10\Windows Performance Toolkit\;C:\Program Files\Microsoft SQL Server\150\Tools\Binn\;C:\Users\bochk\AppData\Local\Programs\Python\Python313\Scripts\;C:\Users\bochk\AppData\Local\Programs\Python\Python313\;C:\Users\bochk\AppData\Local\Programs\Python\Launcher\;C:\Users\bochk\AppData\Local\Microsoft\WindowsApps;C:\Program Files (x86)\KLatexFormula-4.1.0\bin;C:\Users\bochk\.dotnet\tools;C:\Users\bochk\AppData\Local\JetBrains\Toolbox\scripts;;C:\Program Files\JetBrains\IntelliJ IDEA Community Edition 2023.3.3\plugins\maven\lib\maven3\bin
USERNAME=bochk
OS=Windows_NT
PROCESSOR_IDENTIFIER=Intel64 Family 6 Model 186 Stepping 2, GenuineIntel
TMP=C:\Users\bochk\AppData\Local\Temp
TEMP=C:\Users\bochk\AppData\Local\Temp




Periodic native trim disabled

---------------  S Y S T E M  ---------------

OS:
 Windows 11 , 64 bit Build 22621 (10.0.22621.5415)
OS uptime: 26 days 16:15 hours

CPU: total 16 (initial active 16) (8 cores per cpu, 2 threads per core) family 6 model 186 stepping 2 microcode 0x410e, cx8, cmov, fxsr, ht, mmx, 3dnowpref, sse, sse2, sse3, ssse3, sse4.1, sse4.2, popcnt, lzcnt, tsc, tscinvbit, avx, avx2, aes, erms, clmul, bmi1, bmi2, adx, sha, fma, vzeroupper, clflush, clflushopt, clwb, serialize, rdtscp, rdpid, fsrm, f16c, pku, cet_ibt, cet_ss
Processor Information for processor 0
  Max Mhz: 2600, Current Mhz: 2600, Mhz Limit: 2600
Processor Information for processor 1
  Max Mhz: 2600, Current Mhz: 2600, Mhz Limit: 2600
Processor Information for processor 2
  Max Mhz: 2600, Current Mhz: 2600, Mhz Limit: 2600
Processor Information for processor 3
  Max Mhz: 2600, Current Mhz: 1496, Mhz Limit: 2600
Processor Information for processor 4
  Max Mhz: 2600, Current Mhz: 2600, Mhz Limit: 2600
Processor Information for processor 5
  Max Mhz: 2600, Current Mhz: 2600, Mhz Limit: 2600
Processor Information for processor 6
  Max Mhz: 2600, Current Mhz: 2600, Mhz Limit: 2600
Processor Information for processor 7
  Max Mhz: 2600, Current Mhz: 1496, Mhz Limit: 2600
Processor Information for processor 8
  Max Mhz: 2600, Current Mhz: 2600, Mhz Limit: 2600
Processor Information for processor 9
  Max Mhz: 2600, Current Mhz: 2600, Mhz Limit: 2600
Processor Information for processor 10
  Max Mhz: 2600, Current Mhz: 2600, Mhz Limit: 2600
Processor Information for processor 11
  Max Mhz: 2600, Current Mhz: 2600, Mhz Limit: 2600
Processor Information for processor 12
  Max Mhz: 2600, Current Mhz: 2600, Mhz Limit: 2600
Processor Information for processor 13
  Max Mhz: 2600, Current Mhz: 2600, Mhz Limit: 2600
Processor Information for processor 14
  Max Mhz: 2600, Current Mhz: 2600, Mhz Limit: 2600
Processor Information for processor 15
  Max Mhz: 2600, Current Mhz: 2600, Mhz Limit: 2600

Memory: 4k page, system-wide physical 16123M (3795M free)
TotalPageFile size 19268M (AvailPageFile size 93M)
current process WorkingSet (physical memory assigned to process): 13M, peak: 13M
current process commit charge ("private bytes"): 71M, peak: 323M

vm_info: Java HotSpot(TM) 64-Bit Server VM (22.0.1+8-16) for windows-amd64 JRE (22.0.1+8-16), built on 2024-03-12T10:33:16Z by "mach5one" with MS VC++ 17.6 (VS2022)

END.
